2024-03-08 15:35:50.483 [info] Log level: Info
2024-03-08 15:35:50.483 [info] Validating found git in: "git"
2024-03-08 15:35:50.483 [info] Using git "2.44.0" from "git"
2024-03-08 15:35:50.483 [info] > git rev-parse --show-toplevel [43ms]
2024-03-08 15:35:50.483 [info] > git rev-parse --git-dir --git-common-dir [34ms]
2024-03-08 15:35:50.483 [info] Open repository: /home/issam/Documents/GitHub/desktop-tutorial
2024-03-08 15:35:50.498 [info] > git config --get commit.template [7ms]
2024-03-08 15:35:50.525 [info] > git for-each-ref --format=%(refname)%00%(upstream:short)%00%(objectname)%00%(upstream:track)%00%(upstream:remotename)%00%(upstream:remoteref) refs/heads/issam refs/remotes/issam [10ms]
2024-03-08 15:35:50.548 [info] > git status -z -uall [4ms]
2024-03-08 15:35:50.584 [info] > git config --get commit.template [3ms]
2024-03-08 15:35:50.604 [info] > git for-each-ref --format=%(refname)%00%(upstream:short)%00%(objectname)%00%(upstream:track)%00%(upstream:remotename)%00%(upstream:remoteref) refs/heads/issam refs/remotes/issam [1ms]
2024-03-08 15:35:50.613 [info] > git status -z -uall [1ms]
2024-03-08 15:35:50.795 [info] > git show --textconv :README.md [12ms]
2024-03-08 15:35:50.795 [info] > git ls-files --stage -- /home/issam/Documents/GitHub/desktop-tutorial/README.md [3ms]
2024-03-08 15:35:50.804 [info] > git cat-file -s 79c0873ce951b1cb9b433535fe190c74467c844d [2ms]
2024-03-08 15:35:51.004 [info] > git check-ignore -v -z --stdin [2ms]
2024-03-08 15:36:00.219 [info] > git config --get commit.template [7ms]
2024-03-08 15:36:00.220 [info] > git for-each-ref --format=%(refname)%00%(upstream:short)%00%(objectname)%00%(upstream:track)%00%(upstream:remotename)%00%(upstream:remoteref) refs/heads/issam refs/remotes/issam [1ms]
2024-03-08 15:36:00.227 [info] > git status -z -uall [2ms]
2024-03-08 15:38:09.775 [info] > git config --get commit.template [4ms]
2024-03-08 15:38:09.792 [info] > git ls-files --stage -- /home/issam/Documents/GitHub/desktop-tutorial/README.md [8ms]
2024-03-08 15:38:09.798 [info] > git for-each-ref --format=%(refname)%00%(upstream:short)%00%(objectname)%00%(upstream:track)%00%(upstream:remotename)%00%(upstream:remoteref) refs/heads/issam refs/remotes/issam [6ms]
2024-03-08 15:38:09.799 [info] > git cat-file -s 81f75aab233ddc3b3d3e46adfb006790dd7e15b9 [1ms]
2024-03-08 15:38:09.817 [info] > git status -z -uall [9ms]
2024-03-08 15:38:09.824 [info] > git show --textconv :README.md [8ms]
2024-03-08 15:42:16.330 [info] > git config --get commit.template [4ms]
2024-03-08 15:42:16.355 [info] > git for-each-ref --format=%(refname)%00%(upstream:short)%00%(objectname)%00%(upstream:track)%00%(upstream:remotename)%00%(upstream:remoteref) refs/heads/DraculaTheme refs/remotes/DraculaTheme [1ms]
2024-03-08 15:42:16.366 [info] > git ls-files --stage -- /home/issam/Documents/GitHub/desktop-tutorial/README.md [23ms]
2024-03-08 15:42:16.373 [info] > git status -z -uall [7ms]
2024-03-08 15:42:16.376 [info] > git cat-file -s 79c0873ce951b1cb9b433535fe190c74467c844d [4ms]
2024-03-08 15:42:16.399 [info] > git show --textconv :README.md [1ms]
