2024-03-07 22:01:29.244 [info] Extension host with pid 71527 started
2024-03-07 22:01:29.338 [info] ExtensionService#_doActivateExtension vscode.emmet, startup: false, activationEvent: 'onLanguage'
2024-03-07 22:01:29.409 [info] ExtensionService#_doActivateExtension vscode.git-base, startup: true, activationEvent: '*', root cause: vscode.git
2024-03-07 22:01:29.430 [info] ExtensionService#_doActivateExtension vscode.git, startup: true, activationEvent: '*'
2024-03-07 22:01:29.506 [info] ExtensionService#_doActivateExtension vscode.github, startup: true, activationEvent: '*'
2024-03-07 22:01:29.605 [info] Eager extensions activated
2024-03-07 22:01:29.683 [info] ExtensionService#_doActivateExtension vscode.debug-auto-launch, startup: false, activationEvent: 'onStartupFinished'
2024-03-07 22:01:29.689 [info] ExtensionService#_doActivateExtension vscode.merge-conflict, startup: false, activationEvent: 'onStartupFinished'
2024-03-07 22:03:21.636 [info] ExtensionService#_doActivateExtension formulahendry.code-runner, startup: false, activationEvent: 'onStartupFinished'
2024-03-07 22:04:29.087 [info] ExtensionService#_doActivateExtension vadimcn.vscode-lldb, startup: false, activationEvent: 'onStartupFinished'
2024-03-07 22:04:29.198 [info] ExtensionService#_doActivateExtension cschlosser.doxdocgen, startup: false, activationEvent: 'onLanguage:c'
2024-03-07 22:04:29.441 [info] ExtensionService#_doActivateExtension franneck94.vscode-c-cpp-config, startup: false, activationEvent: 'onStartupFinished'
2024-03-07 22:04:29.454 [info] ExtensionService#_doActivateExtension franneck94.c-cpp-runner, startup: false, activationEvent: 'onLanguage:c'
2024-03-07 22:06:01.204 [error] Error: [ExtensionListenerError] Extension 'cschlosser.doxdocgen' FAILED to handle event: Error: Illegal value for `line`
	at w.value (/usr/lib/code/out/vs/workbench/api/node/extensionHostProcess.js:160:19760)
	at n.y (/usr/lib/code/out/vs/workbench/api/node/extensionHostProcess.js:80:1902)
	at n.z (/usr/lib/code/out/vs/workbench/api/node/extensionHostProcess.js:80:1972)
	at n.fire (/usr/lib/code/out/vs/workbench/api/node/extensionHostProcess.js:80:2188)
	at C.$acceptModelChanged (/usr/lib/code/out/vs/workbench/api/node/extensionHostProcess.js:150:78950)
	at s.S (/usr/lib/code/out/vs/workbench/api/node/extensionHostProcess.js:147:5519)
	at s.Q (/usr/lib/code/out/vs/workbench/api/node/extensionHostProcess.js:147:5285)
	at s.M (/usr/lib/code/out/vs/workbench/api/node/extensionHostProcess.js:147:4375)
	at s.L (/usr/lib/code/out/vs/workbench/api/node/extensionHostProcess.js:147:3454)
	at w.value (/usr/lib/code/out/vs/workbench/api/node/extensionHostProcess.js:147:2241)
	at n.y (/usr/lib/code/out/vs/workbench/api/node/extensionHostProcess.js:80:1902)
	at n.fire (/usr/lib/code/out/vs/workbench/api/node/extensionHostProcess.js:80:2119)
	at r.fire (/usr/lib/code/out/vs/workbench/api/node/extensionHostProcess.js:105:14091)
	at w.value (/usr/lib/code/out/vs/workbench/api/node/extensionHostProcess.js:173:8050)
	at n.y (/usr/lib/code/out/vs/workbench/api/node/extensionHostProcess.js:80:1902)
	at n.fire (/usr/lib/code/out/vs/workbench/api/node/extensionHostProcess.js:80:2119)
	at r.fire (/usr/lib/code/out/vs/workbench/api/node/extensionHostProcess.js:105:14091)
	at MessagePortMain.<anonymous> (/usr/lib/code/out/vs/workbench/api/node/extensionHostProcess.js:173:6330)
	at MessagePortMain.emit (node:events:514:28)
	at Object.emit (node:electron/js2c/utility_init:2:2285)
2024-03-07 22:22:55.742 [info] Extension host terminating: renderer closed the MessagePort
2024-03-07 22:22:55.768 [error] Canceled: Canceled
	at new $ (/usr/lib/code/out/vs/workbench/api/node/extensionHostProcess.js:140:45885)
	at s.U (/usr/lib/code/out/vs/workbench/api/node/extensionHostProcess.js:147:5556)
	at z.<computed>.T.charCodeAt.z.<computed> (/usr/lib/code/out/vs/workbench/api/node/extensionHostProcess.js:147:3007)
	at l.g (/usr/lib/code/out/vs/workbench/api/node/extensionHostProcess.js:150:184415)
	at l.executeCommand (/usr/lib/code/out/vs/workbench/api/node/extensionHostProcess.js:150:183853)
	at f.registerCommand.description (/usr/lib/code/out/vs/workbench/api/node/extensionHostProcess.js:150:183177)
	at l.h (/usr/lib/code/out/vs/workbench/api/node/extensionHostProcess.js:150:184954)
	at l.g (/usr/lib/code/out/vs/workbench/api/node/extensionHostProcess.js:150:183946)
	at l.executeCommand (/usr/lib/code/out/vs/workbench/api/node/extensionHostProcess.js:150:183853)
	at Object.executeCommand (/usr/lib/code/out/vs/workbench/api/node/extensionHostProcess.js:160:21654)
	at setContextValue (/home/issam/.vscode-oss/extensions/franneck94.c-cpp-runner-9.4.7-universal/dist/main.js:5980:28)
	at Object.deactivate (/home/issam/.vscode-oss/extensions/franneck94.c-cpp-runner-9.4.7-universal/dist/main.js:3869:39)
	at w.cb (/usr/lib/code/out/vs/workbench/api/node/extensionHostProcess.js:156:9687)
	at /usr/lib/code/out/vs/workbench/api/node/extensionHostProcess.js:156:7816
	at Array.map (<anonymous>)
	at w.Y (/usr/lib/code/out/vs/workbench/api/node/extensionHostProcess.js:156:7803)
	at w.terminate (/usr/lib/code/out/vs/workbench/api/node/extensionHostProcess.js:156:8076)
	at o.terminate (/usr/lib/code/out/vs/workbench/api/node/extensionHostProcess.js:160:1513)
	at t (/usr/lib/code/out/vs/workbench/api/node/extensionHostProcess.js:173:9949)
	at MessagePortMain.<anonymous> (/usr/lib/code/out/vs/workbench/api/node/extensionHostProcess.js:173:6374)
	at MessagePortMain.emit (node:events:514:28)
	at Object.emit (node:electron/js2c/utility_init:2:2285) setContext undefined
2024-03-07 22:22:55.768 [info] Extension host with pid 71527 exiting with code 0
