2024-03-08 15:34:54.254 [info] Log level: Info
2024-03-08 15:34:54.254 [info] Validating found git in: "git"
2024-03-08 15:34:54.254 [info] Using git "2.44.0" from "git"
2024-03-08 15:34:54.254 [info] > git rev-parse --show-toplevel [5ms]
2024-03-08 15:34:54.256 [info] > git rev-parse --git-dir --git-common-dir [4ms]
2024-03-08 15:34:54.272 [info] Open repository: /home/issam/Documents/GitHub/desktop-tutorial
2024-03-08 15:34:54.430 [info] > git config --get commit.template [32ms]
2024-03-08 15:34:54.445 [info] > git for-each-ref --format=%(refname)%00%(upstream:short)%00%(objectname)%00%(upstream:track)%00%(upstream:remotename)%00%(upstream:remoteref) refs/heads/issam refs/remotes/issam [7ms]
2024-03-08 15:34:54.467 [info] > git status -z -uall [9ms]
2024-03-08 15:34:54.486 [info] > git config --get commit.template [1ms]
2024-03-08 15:34:54.635 [info] > git for-each-ref --format=%(refname)%00%(upstream:short)%00%(objectname)%00%(upstream:track)%00%(upstream:remotename)%00%(upstream:remoteref) refs/heads/issam refs/remotes/issam [143ms]
2024-03-08 15:34:54.646 [info] > git status -z -uall [4ms]
2024-03-08 15:34:54.904 [info] > git check-ignore -v -z --stdin [5ms]
2024-03-08 15:35:11.068 [info] > git show --textconv :README.md [20ms]
2024-03-08 15:35:11.072 [info] > git ls-files --stage -- /home/issam/Documents/GitHub/desktop-tutorial/README.md [5ms]
2024-03-08 15:35:11.086 [info] > git cat-file -s 79c0873ce951b1cb9b433535fe190c74467c844d [3ms]
2024-03-08 15:35:14.737 [info] > git config --get commit.template [11ms]
2024-03-08 15:35:14.738 [info] > git for-each-ref --format=%(refname)%00%(upstream:short)%00%(objectname)%00%(upstream:track)%00%(upstream:remotename)%00%(upstream:remoteref) refs/heads/issam refs/remotes/issam [2ms]
2024-03-08 15:35:14.746 [info] > git status -z -uall [2ms]
2024-03-08 15:35:15.268 [info] > git for-each-ref --format=%(refname)%00%(upstream:short)%00%(objectname)%00%(upstream:track)%00%(upstream:remotename)%00%(upstream:remoteref) refs/heads/issam [4ms]
2024-03-08 15:35:15.277 [info] > git for-each-ref --format=%(refname)%00%(upstream:short)%00%(objectname)%00%(upstream:track)%00%(upstream:remotename)%00%(upstream:remoteref) refs/heads/issam [2ms]
2024-03-08 15:35:15.287 [info] > git config --local branch.issam.vscode-merge-base [2ms]
2024-03-08 15:35:15.287 [warning] git config failed: Failed to execute git
2024-03-08 15:35:15.301 [info] > git reflog refs/heads/issam --grep-reflog=branch: Created from *. [7ms]
2024-03-08 15:35:15.311 [info] > git for-each-ref --format=%(refname)%00%(upstream:short)%00%(objectname)%00%(upstream:track)%00%(upstream:remotename)%00%(upstream:remoteref) refs/heads/main refs/remotes/main [2ms]
2024-03-08 15:35:15.319 [info] > git for-each-ref --format=%(refname)%00%(upstream:short)%00%(objectname)%00%(upstream:track)%00%(upstream:remotename)%00%(upstream:remoteref) refs/remotes/origin/main [2ms]
2024-03-08 15:35:15.328 [info] > git config --local branch.issam.vscode-merge-base origin/main [3ms]
2024-03-08 15:35:15.346 [info] > git config --get commit.template [11ms]
2024-03-08 15:35:15.347 [info] > git for-each-ref --format=%(refname)%00%(upstream:short)%00%(objectname)%00%(upstream:track)%00%(upstream:remotename)%00%(upstream:remoteref) refs/heads/issam refs/remotes/issam [2ms]
2024-03-08 15:35:15.357 [info] > git status -z -uall [1ms]
2024-03-08 15:35:15.368 [info] > git merge-base refs/heads/issam refs/remotes/origin/main [1ms]
2024-03-08 15:35:15.377 [info] > git rev-list --count --left-right refs/heads/issam...refs/remotes/origin/main [1ms]
2024-03-08 15:35:16.584 [info] > git ls-files --stage -- /home/issam/Documents/GitHub/desktop-tutorial/README.md [1ms]
2024-03-08 15:35:16.593 [info] > git cat-file -s 79c0873ce951b1cb9b433535fe190c74467c844d [1ms]
2024-03-08 15:35:16.605 [info] > git show --textconv :README.md [1ms]
2024-03-08 15:35:27.008 [info] > git config --get commit.template [2ms]
2024-03-08 15:35:27.026 [info] > git for-each-ref --format=%(refname)%00%(upstream:short)%00%(objectname)%00%(upstream:track)%00%(upstream:remotename)%00%(upstream:remoteref) refs/heads/issam refs/remotes/issam [2ms]
2024-03-08 15:35:27.036 [info] > git status -z -uall [1ms]
2024-03-08 15:35:32.050 [info] > git config --get commit.template [2ms]
2024-03-08 15:35:32.058 [info] > git for-each-ref --format=%(refname)%00%(upstream:short)%00%(objectname)%00%(upstream:track)%00%(upstream:remotename)%00%(upstream:remoteref) refs/heads/issam refs/remotes/issam [2ms]
2024-03-08 15:35:32.066 [info] > git status -z -uall [1ms]
